2017-06-21 09:54:00 ERROR  : FATAL:  no pg_hba.conf entry for host "192.168.101.52", user "rcp", database "postgres", SSL on
FATAL:  no pg_hba.conf entry for host "192.168.101.52", user "rcp", database "postgres", SSL off

2017-06-21 09:55:27 ERROR  : ERROR:  relation "booking_manual_corrections" does not exist
LINE 1: insert into booking_manual_corrections (hours,remarks,issue_...
                    ^
2017-06-21 09:55:48 ERROR  : ERROR:  relation "booking_manual_corrections" does not exist
LINE 1: insert into booking_manual_corrections (hours,remarks,issue_...
                    ^
2017-06-21 09:56:29 ERROR  : ERROR:  permission denied for relation booking_manual_corrections
2017-06-21 09:59:23 ERROR  : ERROR:  column "t.not_null_sap_wp" must appear in the GROUP BY clause or be used in an aggregate function
LINE 4:                 'move time from "'|| not_null_sap_wp ||'" / ...
                                             ^
2017-06-21 11:11:02 ERROR  : server closed the connection unexpectedly
	This probably means the server terminated abnormally
	before or while processing the request.
2017-06-21 11:46:14 ERROR  : ERROR:  invalid input syntax for type numeric: "96,25"
LINE 1: ..., minus_day, plus_exence_login, plus_day) VALUES ('96,25'::n...
                                                             ^
2017-06-21 13:08:06 ERROR  : server closed the connection unexpectedly
	This probably means the server terminated abnormally
	before or while processing the request.
2017-06-21 14:28:17 ERROR  : server closed the connection unexpectedly
	This probably means the server terminated abnormally
	before or while processing the request.
2017-06-21 22:58:50 ERROR  : server closed the connection unexpectedly
	This probably means the server terminated abnormally
	before or while processing the request.
2017-06-26 11:20:17 ERROR  : server closed the connection unexpectedly
	This probably means the server terminated abnormally
	before or while processing the request.
2017-07-21 10:52:23 ERROR  : server closed the connection unexpectedly
	This probably means the server terminated abnormally
	before or while processing the request.
2017-07-21 11:00:14 ERROR  : ERROR:  value too long for type character varying(10)
CONTEXT:  COPY booked_in_sap_selected_details, line 1, column worked_hours_str: "SERVICE REQUESTS 2017"
2017-07-21 11:00:22 ERROR  : Kopiowanie nie powiodło się!

2017-07-21 12:49:11 ERROR  : server closed the connection unexpectedly
	This probably means the server terminated abnormally
	before or while processing the request.
2017-07-21 12:57:10 ERROR  : ERROR:  invalid input syntax for type numeric: "81,42"
LINE 1: ..., minus_day, plus_exence_login, plus_day) VALUES ('81,42'::n...
                                                             ^
2017-07-21 15:07:09 ERROR  : server closed the connection unexpectedly
	This probably means the server terminated abnormally
	before or while processing the request.
2017-07-21 15:07:56 ERROR  : server closed the connection unexpectedly
	This probably means the server terminated abnormally
	before or while processing the request.
2017-07-24 08:15:41 ERROR  : server closed the connection unexpectedly
	This probably means the server terminated abnormally
	before or while processing the request.
2017-07-24 08:21:09 ERROR  : server closed the connection unexpectedly
	This probably means the server terminated abnormally
	before or while processing the request.
2017-07-24 08:34:17 ERROR  : server closed the connection unexpectedly
	This probably means the server terminated abnormally
	before or while processing the request.
2017-07-24 08:35:33 ERROR  : server closed the connection unexpectedly
	This probably means the server terminated abnormally
	before or while processing the request.
2017-07-24 09:15:52 ERROR  : ERROR:  null value in column "comment" violates not-null constraint
2017-07-24 09:15:56 ERROR  : ERROR:  null value in column "comment" violates not-null constraint
2017-08-23 11:20:47 ERROR  : Error connecting to the server: FATAL:  password authentication failed for user "raporty"
FATAL:  password authentication failed for user "raporty"

2017-08-23 13:14:11 ERROR  : server closed the connection unexpectedly
	This probably means the server terminated abnormally
	before or while processing the request.
2017-08-23 14:57:43 ERROR  : server closed the connection unexpectedly
	This probably means the server terminated abnormally
	before or while processing the request.
2017-08-23 15:58:27 ERROR  : server closed the connection unexpectedly
	This probably means the server terminated abnormally
	before or while processing the request.
2017-08-23 15:58:50 ERROR  : server closed the connection unexpectedly
	This probably means the server terminated abnormally
	before or while processing the request.
2017-08-23 16:03:06 ERROR  : server closed the connection unexpectedly
	This probably means the server terminated abnormally
	before or while processing the request.
2017-08-23 17:11:04 ERROR  : server closed the connection unexpectedly
	This probably means the server terminated abnormally
	before or while processing the request.
2017-08-29 15:47:33 ERROR  : server closed the connection unexpectedly
	This probably means the server terminated abnormally
	before or while processing the request.
2017-09-25 13:19:34 ERROR  : server closed the connection unexpectedly
	This probably means the server terminated abnormally
	before or while processing the request.
2017-09-25 13:30:38 ERROR  : server closed the connection unexpectedly
	This probably means the server terminated abnormally
	before or while processing the request.
2017-09-28 14:08:11 ERROR  : server closed the connection unexpectedly
	This probably means the server terminated abnormally
	before or while processing the request.
2017-09-29 11:22:47 ERROR  : server closed the connection unexpectedly
	This probably means the server terminated abnormally
	before or while processing the request.
2017-10-25 15:10:39 ERROR  : ERROR:  null value in column "comment" violates not-null constraint
2017-10-25 15:10:45 ERROR  : ERROR:  null value in column "comment" violates not-null constraint
2017-10-25 15:10:47 ERROR  : ERROR:  null value in column "comment" violates not-null constraint
2017-10-25 15:53:32 ERROR  : ERROR:  invalid input syntax for type date: "6.04"
LINE 1: ...king_manual_corrections SET correction_entry_date='6.04'::da...
                                                             ^
2017-10-25 16:02:26 ERROR  : server closed the connection unexpectedly
	This probably means the server terminated abnormally
	before or while processing the request.
2017-10-25 16:12:21 ERROR  : ERROR:  out of memory
DETAIL:  Failed on request of size 38.
2017-10-25 17:05:11 ERROR  : server closed the connection unexpectedly
	This probably means the server terminated abnormally
	before or while processing the request.
2017-10-30 09:05:03 ERROR  : server closed the connection unexpectedly
	This probably means the server terminated abnormally
	before or while processing the request.
2017-10-30 16:22:27 ERROR  : server closed the connection unexpectedly
	This probably means the server terminated abnormally
	before or while processing the request.
2017-11-27 13:19:35 ERROR  : ERROR:  syntax error at or near "Zapytanie"
LINE 21: Zapytanie do różnic z poprzedniego miesiąca:
         ^
2017-11-27 14:09:21 ERROR  : server closed the connection unexpectedly
	This probably means the server terminated abnormally
	before or while processing the request.
2017-11-27 15:32:20 ERROR  : server closed the connection unexpectedly
	This probably means the server terminated abnormally
	before or while processing the request.
2017-11-27 15:35:07 ERROR  : server closed the connection unexpectedly
	This probably means the server terminated abnormally
	before or while processing the request.
2017-11-27 15:47:12 ERROR  : server closed the connection unexpectedly
	This probably means the server terminated abnormally
	before or while processing the request.
2017-11-27 16:48:41 ERROR  : server closed the connection unexpectedly
	This probably means the server terminated abnormally
	before or while processing the request.
2017-11-27 17:39:53 ERROR  : server closed the connection unexpectedly
	This probably means the server terminated abnormally
	before or while processing the request.
2017-11-27 17:43:27 ERROR  : server closed the connection unexpectedly
	This probably means the server terminated abnormally
	before or while processing the request.
2017-11-27 18:02:09 ERROR  : server closed the connection unexpectedly
	This probably means the server terminated abnormally
	before or while processing the request.
2017-11-29 11:05:29 ERROR  : server closed the connection unexpectedly
	This probably means the server terminated abnormally
	before or while processing the request.
2017-12-21 12:35:50 ERROR  : server closed the connection unexpectedly
	This probably means the server terminated abnormally
	before or while processing the request.
2017-12-21 13:27:01 ERROR  : ERROR:  out of memory
DETAIL:  Failed on request of size 38.
2018-02-26 11:36:20 ERROR  : ERROR:  invalid input syntax for type date: "2018-0101"
LINE 1: ...18-01-01'::date, 'annbed'::character varying(50), '2018-0101...
                                                             ^
2018-03-27 10:40:38 ERROR  : ERROR:  null value in column "comment" violates not-null constraint
2018-03-27 11:07:18 ERROR  : FATAL:  no pg_hba.conf entry for host "192.168.50.30", user "raporty", database "jiradb", SSL on
FATAL:  no pg_hba.conf entry for host "192.168.50.30", user "raporty", database "jiradb", SSL off

2018-03-27 11:07:21 ERROR  : FATAL:  no pg_hba.conf entry for host "192.168.50.30", user "raporty", database "jiradb", SSL on
FATAL:  no pg_hba.conf entry for host "192.168.50.30", user "raporty", database "jiradb", SSL off

2018-03-27 15:50:58 ERROR  : server closed the connection unexpectedly
	This probably means the server terminated abnormally
	before or while processing the request.
2018-04-24 10:02:27 ERROR  : server closed the connection unexpectedly
	This probably means the server terminated abnormally
	before or while processing the request.
2018-04-24 10:02:28 ERROR  : server closed the connection unexpectedly
	This probably means the server terminated abnormally
	before or while processing the request.
2018-04-24 11:12:54 ERROR  : server closed the connection unexpectedly
	This probably means the server terminated abnormally
	before or while processing the request.
2018-04-24 11:12:55 ERROR  : server closed the connection unexpectedly
	This probably means the server terminated abnormally
	before or while processing the request.
2018-04-24 11:13:09 ERROR  : ERROR:  syntax error at or near "GDPR"
LINE 1: GDPR
        ^
2018-04-25 10:29:24 ERROR  : server closed the connection unexpectedly
	This probably means the server terminated abnormally
	before or while processing the request.
2018-04-25 11:36:31 ERROR  : server closed the connection unexpectedly
	This probably means the server terminated abnormally
	before or while processing the request.
2018-04-25 11:37:50 ERROR  : ERROR:  duplicate key value violates unique constraint "booking_ignored_sap_workpackages_pkey"
2018-04-25 11:40:42 ERROR  : server closed the connection unexpectedly
	This probably means the server terminated abnormally
	before or while processing the request.
2018-04-25 11:49:10 ERROR  : ERROR:  out of memory
DETAIL:  Failed on request of size 38.
2018-04-25 14:07:40 ERROR  : server closed the connection unexpectedly
	This probably means the server terminated abnormally
	before or while processing the request.
2018-04-25 14:35:33 ERROR  : server closed the connection unexpectedly
	This probably means the server terminated abnormally
	before or while processing the request.
2018-04-25 14:48:03 ERROR  : ERROR:  out of memory
DETAIL:  Failed on request of size 32.
2018-05-24 12:17:09 ERROR  : ERROR:  null value in column "comment" violates not-null constraint
2018-05-24 13:49:58 ERROR  : ERROR:  duplicate key value violates unique constraint "booking_ignored_sap_workpackages_pkey"
2018-05-24 14:07:09 ERROR  : ERROR:  syntax error at or near "workpackage"
LINE 2:   workpackage, sum(worked_hours)
          ^
2018-06-26 13:22:02 ERROR  : server closed the connection unexpectedly
	This probably means the server terminated abnormally
	before or while processing the request.
2018-06-26 13:25:50 ERROR  : server closed the connection unexpectedly
	This probably means the server terminated abnormally
	before or while processing the request.
2018-06-26 13:37:15 ERROR  : server closed the connection unexpectedly
	This probably means the server terminated abnormally
	before or while processing the request.
2018-06-26 16:15:08 ERROR  : server closed the connection unexpectedly
	This probably means the server terminated abnormally
	before or while processing the request.
2018-07-25 14:08:16 ERROR  : server closed the connection unexpectedly
	This probably means the server terminated abnormally
	before or while processing the request.
2018-07-30 10:15:41 ERROR  : server closed the connection unexpectedly
	This probably means the server terminated abnormally
	before or while processing the request.
2018-08-02 15:04:12 ERROR  : server closed the connection unexpectedly
	This probably means the server terminated abnormally
	before or while processing the request.
2018-08-21 13:57:53 ERROR  : ERROR:  invalid input syntax for type numeric: "00;CRS_VIA_2017;CRS_VIA_2017;PL SaSo PRJ-6203 Estimate"
CONTEXT:  COPY booked_in_sap_selected_details, line 1, column employee_id: "00;CRS_VIA_2017;CRS_VIA_2017;PL SaSo PRJ-6203 Estimate"
2018-08-21 13:58:04 ERROR  : Kopiowanie nie powiodło się!

2018-08-21 13:58:54 ERROR  : ERROR:  missing data for column "work_plan_str"
CONTEXT:  COPY booked_in_sap_selected_details, line 1: "Marcin Kuczaj;97048;2018-07-31;4,00;CRS_VIA_2017;CRS_VIA_2017;PL SaSo PRJ-6203 Estimate"
2018-08-21 13:58:58 ERROR  : Kopiowanie nie powiodło się!

2018-08-21 13:59:00 ERROR  : ERROR:  missing data for column "work_plan_str"
CONTEXT:  COPY booked_in_sap_selected_details, line 1: "Marcin Kuczaj;97048;2018-07-31;4,00;CRS_VIA_2017;CRS_VIA_2017;PL SaSo PRJ-6203 Estimate"
2018-08-21 13:59:03 ERROR  : Kopiowanie nie powiodło się!

2018-08-21 14:00:11 ERROR  : ERROR:  missing data for column "work_plan_str"
CONTEXT:  COPY booked_in_sap_selected_details, line 1: "Marcin Kuczaj;97048;2018-07-31;4,00;CRS_VIA_2017;CRS_VIA_2017;PL SaSo PRJ-6203 Estimate"
2018-08-21 14:00:23 ERROR  : Kopiowanie nie powiodło się!

2018-08-21 14:54:10 ERROR  : server closed the connection unexpectedly
	This probably means the server terminated abnormally
	before or while processing the request.
2018-08-21 15:17:57 ERROR  : ERROR:  null value in column "comment" violates not-null constraint
2018-08-23 15:26:39 ERROR  : server closed the connection unexpectedly
	This probably means the server terminated abnormally
	before or while processing the request.
2018-09-27 11:13:20 ERROR  : server closed the connection unexpectedly
	This probably means the server terminated abnormally
	before or while processing the request.
2018-10-04 12:29:12 ERROR  : server closed the connection unexpectedly
	This probably means the server terminated abnormally
	before or while processing the request.
2018-10-05 16:37:11 ERROR  : server closed the connection unexpectedly
	This probably means the server terminated abnormally
	before or while processing the request.
2018-11-27 08:16:53 ERROR  : server closed the connection unexpectedly
	This probably means the server terminated abnormally
	before or while processing the request.
2018-11-27 11:15:43 ERROR  : server closed the connection unexpectedly
	This probably means the server terminated abnormally
	before or while processing the request.
2019-01-24 06:11:39 ERROR  : server closed the connection unexpectedly
	This probably means the server terminated abnormally
	before or while processing the request.
2019-02-25 15:13:14 ERROR  : server closed the connection unexpectedly
	This probably means the server terminated abnormally
	before or while processing the request.
2019-03-27 09:24:38 ERROR  : server closed the connection unexpectedly
	This probably means the server terminated abnormally
	before or while processing the request.
2019-03-27 09:49:25 ERROR  : server closed the connection unexpectedly
	This probably means the server terminated abnormally
	before or while processing the request.
